<?xml version="1.0" encoding="UTF-8"?>
<!-- Generated by org.testng.reporters.JUnitXMLReporter -->
<testsuite ignored="0" hostname="NURPAVEL" failures="0" tests="2" name="Default test" time="9.521" errors="0" timestamp="2024-08-25T13:13:40 IST">
  <testcase classname="restAssuredDemo.demoRestAssuredTest.demoTestRestAssuredTesting" name="test1" time="8.819"/>
  <testcase classname="restAssuredDemo.demoRestAssuredTest.demoTestRestAssuredTesting" name="test2" time="0.538"/>
</testsuite> <!-- Default test -->
