<?xml version="1.0" encoding="UTF-8"?>
<!-- Generated by org.testng.reporters.JUnitXMLReporter -->
<testsuite ignored="0" hostname="NURPAVEL" failures="0" tests="2" name="Test Basics 1" time="13.89" errors="0" timestamp="2025-01-18T18:53:49 IST">
  <testcase classname="restAssuredDemo.demoRestAssuredTest.demoTestRestAssuredTesting" name="test1" time="13.076"/>
  <testcase classname="restAssuredDemo.demoRestAssuredTest.demoTestRestAssuredTesting" name="test2" time="0.639"/>
</testsuite> <!-- Test Basics 1 -->
