<?xml version="1.0" encoding="UTF-8"?>
<testsuite xmlns:xsi="http://www.w3.org/2001/XMLSchema-instance" xsi:noNamespaceSchemaLocation="https://maven.apache.org/surefire/maven-surefire-plugin/xsd/surefire-test-report.xsd" name="TestSuite" time="15.384" tests="5" errors="0" skipped="0" failures="0">
  <properties>
[...]
</properties>
  <testcase name="test1" classname="restAssuredDemo.demoRestAssuredTest.demoTestRestAssuredTesting" time="10.147"/>
  <testcase name="test2" classname="restAssuredDemo.demoRestAssuredTest.demoTestRestAssuredTesting" time="0.501"/>
  <testcase name="test3" classname="restAssuredDemo.demoRestAssuredTest.demoTestRestAssuredTesting" time="0.6"/>
  <testcase name="test4" classname="restAssuredDemo.demoRestAssuredTest.demoTestRestAssuredTesting" time="1.106"/>
  <testcase name="test5" classname="restAssuredDemo.demoRestAssuredTest.demoTestRestAssuredTesting" time="0.793"/>
</testsuite>