<?xml version="1.0" encoding="UTF-8"?>
<testng-results ignored="0" total="5" passed="5" failed="0" skipped="0">
  <reporter-output>
  </reporter-output>
  <suite started-at="2025-01-18T20:36:51 IST" name="Suite" finished-at="2025-01-18T20:37:05 IST" duration-ms="13491">
    <groups>
    </groups>
    <test started-at="2025-01-18T20:36:51 IST" name="Test Basics 1" finished-at="2025-01-18T20:37:05 IST" duration-ms="13388">
      <class name="restAssuredDemo.demoRestAssuredTest.demoTestRestAssuredTesting">
        <test-method signature="test1()[pri:0, instance:restAssuredDemo.demoRestAssuredTest.demoTestRestAssuredTesting@482bce4f]" started-at="2025-01-18T20:36:52 IST" name="test1" finished-at="2025-01-18T20:37:02 IST" duration-ms="10137" status="PASS">
          <reporter-output>
          </reporter-output>
        </test-method> <!-- test1 -->
        <test-method signature="test2()[pri:0, instance:restAssuredDemo.demoRestAssuredTest.demoTestRestAssuredTesting@482bce4f]" started-at="2025-01-18T20:37:02 IST" name="test2" finished-at="2025-01-18T20:37:02 IST" duration-ms="500" status="PASS">
          <reporter-output>
          </reporter-output>
        </test-method> <!-- test2 -->
        <test-method signature="test3()[pri:0, instance:restAssuredDemo.demoRestAssuredTest.demoTestRestAssuredTesting@482bce4f]" started-at="2025-01-18T20:37:02 IST" name="test3" finished-at="2025-01-18T20:37:03 IST" duration-ms="601" status="PASS">
          <reporter-output>
          </reporter-output>
        </test-method> <!-- test3 -->
        <test-method signature="test4()[pri:0, instance:restAssuredDemo.demoRestAssuredTest.demoTestRestAssuredTesting@482bce4f]" started-at="2025-01-18T20:37:03 IST" name="test4" finished-at="2025-01-18T20:37:04 IST" duration-ms="1107" status="PASS">
          <reporter-output>
          </reporter-output>
        </test-method> <!-- test4 -->
        <test-method signature="test5()[pri:0, instance:restAssuredDemo.demoRestAssuredTest.demoTestRestAssuredTesting@482bce4f]" started-at="2025-01-18T20:37:04 IST" name="test5" finished-at="2025-01-18T20:37:05 IST" duration-ms="791" status="PASS">
          <reporter-output>
          </reporter-output>
        </test-method> <!-- test5 -->
      </class> <!-- restAssuredDemo.demoRestAssuredTest.demoTestRestAssuredTesting -->
    </test> <!-- Test Basics 1 -->
    <test started-at="2025-01-18T20:37:05 IST" name="Test" finished-at="2025-01-18T20:37:05 IST" duration-ms="0">
    </test> <!-- Test -->
  </suite> <!-- Suite -->
</testng-results>
