<?xml version="1.0" encoding="UTF-8"?>
<testng-results ignored="0" total="4" passed="4" failed="0" skipped="0">
  <reporter-output>
  </reporter-output>
  <suite started-at="2025-01-18T19:42:40 IST" name="Suite" finished-at="2025-01-18T19:42:51 IST" duration-ms="11116">
    <groups>
    </groups>
    <test started-at="2025-01-18T19:42:40 IST" name="Test Basics 1" finished-at="2025-01-18T19:42:51 IST" duration-ms="11025">
      <class name="restAssuredDemo.demoRestAssuredTest.demoTestRestAssuredTesting">
        <test-method signature="test1()[pri:0, instance:restAssuredDemo.demoRestAssuredTest.demoTestRestAssuredTesting@55b53d44]" started-at="2025-01-18T19:42:40 IST" name="test1" finished-at="2025-01-18T19:42:50 IST" duration-ms="9873" status="PASS">
          <reporter-output>
          </reporter-output>
        </test-method> <!-- test1 -->
        <test-method signature="test2()[pri:0, instance:restAssuredDemo.demoRestAssuredTest.demoTestRestAssuredTesting@55b53d44]" started-at="2025-01-18T19:42:50 IST" name="test2" finished-at="2025-01-18T19:42:50 IST" duration-ms="400" status="PASS">
          <reporter-output>
          </reporter-output>
        </test-method> <!-- test2 -->
        <test-method signature="test3()[pri:0, instance:restAssuredDemo.demoRestAssuredTest.demoTestRestAssuredTesting@55b53d44]" started-at="2025-01-18T19:42:50 IST" name="test3" finished-at="2025-01-18T19:42:51 IST" duration-ms="292" status="PASS">
          <reporter-output>
          </reporter-output>
        </test-method> <!-- test3 -->
        <test-method signature="test4()[pri:0, instance:restAssuredDemo.demoRestAssuredTest.demoTestRestAssuredTesting@55b53d44]" started-at="2025-01-18T19:42:51 IST" name="test4" finished-at="2025-01-18T19:42:51 IST" duration-ms="255" status="PASS">
          <reporter-output>
          </reporter-output>
        </test-method> <!-- test4 -->
      </class> <!-- restAssuredDemo.demoRestAssuredTest.demoTestRestAssuredTesting -->
    </test> <!-- Test Basics 1 -->
    <test started-at="2025-01-18T19:42:51 IST" name="Test" finished-at="2025-01-18T19:42:51 IST" duration-ms="1">
    </test> <!-- Test -->
  </suite> <!-- Suite -->
</testng-results>
