<?xml version="1.0" encoding="UTF-8"?>
<testng-results ignored="0" total="2" passed="2" failed="0" skipped="0">
  <reporter-output>
  </reporter-output>
  <suite started-at="2025-01-18T18:53:35 IST" name="Suite" finished-at="2025-01-18T18:53:49 IST" duration-ms="14239">
    <groups>
    </groups>
    <test started-at="2025-01-18T18:53:35 IST" name="Test Basics 1" finished-at="2025-01-18T18:53:49 IST" duration-ms="13890">
      <class name="restAssuredDemo.demoRestAssuredTest.demoTestRestAssuredTesting">
        <test-method signature="test1()[pri:0, instance:restAssuredDemo.demoRestAssuredTest.demoTestRestAssuredTesting@36916eb0]" started-at="2025-01-18T18:53:35 IST" name="test1" finished-at="2025-01-18T18:53:48 IST" duration-ms="13076" status="PASS">
          <reporter-output>
          </reporter-output>
        </test-method> <!-- test1 -->
        <test-method signature="test2()[pri:0, instance:restAssuredDemo.demoRestAssuredTest.demoTestRestAssuredTesting@36916eb0]" started-at="2025-01-18T18:53:48 IST" name="test2" finished-at="2025-01-18T18:53:49 IST" duration-ms="639" status="PASS">
          <reporter-output>
          </reporter-output>
        </test-method> <!-- test2 -->
      </class> <!-- restAssuredDemo.demoRestAssuredTest.demoTestRestAssuredTesting -->
    </test> <!-- Test Basics 1 -->
    <test started-at="2025-01-18T18:53:49 IST" name="Test" finished-at="2025-01-18T18:53:49 IST" duration-ms="4">
    </test> <!-- Test -->
  </suite> <!-- Suite -->
</testng-results>
